{"/Users/tongying/Downloads/gds-swe-supplyally-govwallet/Gifts-Redemption-System/app.ts": {"path":"/Users/tongying/Downloads/gds-swe-supplyally-govwallet/Gifts-Redemption-System/app.ts","statementMap":{"0":{"start":{"line":2,"column":0},"end":{"line":2,"column":30}},"1":{"start":{"line":3,"column":19},"end":{"line":3,"column":41}},"2":{"start":{"line":4,"column":0},"end":{"line":4,"column":34}},"3":{"start":{"line":5,"column":0},"end":{"line":5,"column":53}},"4":{"start":{"line":6,"column":0},"end":{"line":6,"column":35}},"5":{"start":{"line":8,"column":12},"end":{"line":8,"column":21}},"6":{"start":{"line":10,"column":0},"end":{"line":10,"column":null}},"7":{"start":{"line":11,"column":0},"end":{"line":15,"column":null}},"8":{"start":{"line":17,"column":13},"end":{"line":17,"column":17}},"9":{"start":{"line":20,"column":4},"end":{"line":20,"column":83}},"10":{"start":{"line":21,"column":4},"end":{"line":21,"column":71}},"11":{"start":{"line":23,"column":4},"end":{"line":23,"column":17}},"12":{"start":{"line":27,"column":0},"end":{"line":27,"column":26}},"13":{"start":{"line":28,"column":0},"end":{"line":28,"column":24}},"14":{"start":{"line":30,"column":0},"end":{"line":30,"column":19}}},"fnMap":{"0":{"name":"onStart","decl":{"start":{"line":19,"column":15},"end":{"line":19,"column":22}},"loc":{"start":{"line":19,"column":22},"end":{"line":25,"column":null}}}},"branchMap":{},"s":{"0":3,"1":3,"2":3,"3":3,"4":3,"5":3,"6":3,"7":3,"8":3,"9":1,"10":1,"11":1,"12":3,"13":3,"14":3},"f":{"0":1},"b":{}}
,"/Users/tongying/Downloads/gds-swe-supplyally-govwallet/Gifts-Redemption-System/src/config/databaseConfig.ts": {"path":"/Users/tongying/Downloads/gds-swe-supplyally-govwallet/Gifts-Redemption-System/src/config/databaseConfig.ts","statementMap":{"0":{"start":{"line":2,"column":25},"end":{"line":8,"column":2}},"1":{"start":{"line":10,"column":0},"end":{"line":10,"column":32}}},"fnMap":{},"branchMap":{},"s":{"0":4,"1":4},"f":{},"b":{}}
,"/Users/tongying/Downloads/gds-swe-supplyally-govwallet/Gifts-Redemption-System/src/controllers/redeemController.ts": {"path":"/Users/tongying/Downloads/gds-swe-supplyally-govwallet/Gifts-Redemption-System/src/controllers/redeemController.ts","statementMap":{"0":{"start":{"line":7,"column":0},"end":{"line":7,"column":28}},"1":{"start":{"line":9,"column":25},"end":{"line":29,"column":null}},"2":{"start":{"line":9,"column":62},"end":{"line":29,"column":null}},"3":{"start":{"line":10,"column":17},"end":{"line":10,"column":36}},"4":{"start":{"line":11,"column":4},"end":{"line":26,"column":5}},"5":{"start":{"line":12,"column":8},"end":{"line":22,"column":9}},"6":{"start":{"line":13,"column":31},"end":{"line":13,"column":163}},"7":{"start":{"line":15,"column":12},"end":{"line":19,"column":13}},"8":{"start":{"line":16,"column":16},"end":{"line":16,"column":null}},"9":{"start":{"line":18,"column":16},"end":{"line":18,"column":null}},"10":{"start":{"line":21,"column":12},"end":{"line":21,"column":null}},"11":{"start":{"line":25,"column":8},"end":{"line":25,"column":null}},"12":{"start":{"line":31,"column":0},"end":{"line":31,"column":null}}},"fnMap":{"0":{"name":"(anonymous_13)","decl":{"start":{"line":9,"column":25},"end":{"line":9,"column":32}},"loc":{"start":{"line":9,"column":62},"end":{"line":29,"column":null}}},"1":{"name":"(anonymous_14)","decl":{"start":{"line":9,"column":62},"end":{"line":9,"column":null}},"loc":{"start":{"line":9,"column":62},"end":{"line":29,"column":1}}}},"branchMap":{"0":{"loc":{"start":{"line":11,"column":4},"end":{"line":26,"column":5}},"type":"if","locations":[{"start":{"line":11,"column":4},"end":{"line":26,"column":5}},{"start":{"line":24,"column":9},"end":{"line":26,"column":5}}]},"1":{"loc":{"start":{"line":15,"column":12},"end":{"line":19,"column":13}},"type":"if","locations":[{"start":{"line":15,"column":12},"end":{"line":19,"column":13}},{"start":{"line":17,"column":18},"end":{"line":19,"column":13}}]}},"s":{"0":3,"1":3,"2":0,"3":0,"4":0,"5":0,"6":0,"7":0,"8":0,"9":0,"10":0,"11":0,"12":3},"f":{"0":0,"1":0},"b":{"0":[0,0],"1":[0,0]}}
,"/Users/tongying/Downloads/gds-swe-supplyally-govwallet/Gifts-Redemption-System/src/controllers/searchController.ts": {"path":"/Users/tongying/Downloads/gds-swe-supplyally-govwallet/Gifts-Redemption-System/src/controllers/searchController.ts","statementMap":{"0":{"start":{"line":4,"column":0},"end":{"line":4,"column":58}},"1":{"start":{"line":6,"column":25},"end":{"line":26,"column":null}},"2":{"start":{"line":6,"column":62},"end":{"line":26,"column":null}},"3":{"start":{"line":7,"column":18},"end":{"line":7,"column":36}},"4":{"start":{"line":8,"column":4},"end":{"line":24,"column":5}},"5":{"start":{"line":9,"column":8},"end":{"line":20,"column":9}},"6":{"start":{"line":10,"column":29},"end":{"line":10,"column":55}},"7":{"start":{"line":13,"column":12},"end":{"line":17,"column":13}},"8":{"start":{"line":14,"column":16},"end":{"line":14,"column":null}},"9":{"start":{"line":16,"column":16},"end":{"line":16,"column":null}},"10":{"start":{"line":19,"column":12},"end":{"line":19,"column":null}},"11":{"start":{"line":23,"column":8},"end":{"line":23,"column":null}},"12":{"start":{"line":28,"column":0},"end":{"line":28,"column":null}}},"fnMap":{"0":{"name":"(anonymous_7)","decl":{"start":{"line":6,"column":25},"end":{"line":6,"column":32}},"loc":{"start":{"line":6,"column":62},"end":{"line":26,"column":null}}},"1":{"name":"(anonymous_8)","decl":{"start":{"line":6,"column":62},"end":{"line":6,"column":null}},"loc":{"start":{"line":6,"column":62},"end":{"line":26,"column":1}}}},"branchMap":{"0":{"loc":{"start":{"line":8,"column":4},"end":{"line":24,"column":5}},"type":"if","locations":[{"start":{"line":8,"column":4},"end":{"line":24,"column":5}},{"start":{"line":22,"column":9},"end":{"line":24,"column":5}}]},"1":{"loc":{"start":{"line":13,"column":12},"end":{"line":17,"column":13}},"type":"if","locations":[{"start":{"line":13,"column":12},"end":{"line":17,"column":13}},{"start":{"line":15,"column":18},"end":{"line":17,"column":13}}]}},"s":{"0":3,"1":3,"2":5,"3":5,"4":5,"5":5,"6":5,"7":5,"8":1,"9":4,"10":0,"11":0,"12":3},"f":{"0":5,"1":5},"b":{"0":[5,0],"1":[1,4]}}
,"/Users/tongying/Downloads/gds-swe-supplyally-govwallet/Gifts-Redemption-System/src/controllers/verifyController.ts": {"path":"/Users/tongying/Downloads/gds-swe-supplyally-govwallet/Gifts-Redemption-System/src/controllers/verifyController.ts","statementMap":{"0":{"start":{"line":4,"column":0},"end":{"line":4,"column":28}},"1":{"start":{"line":6,"column":25},"end":{"line":30,"column":null}},"2":{"start":{"line":6,"column":62},"end":{"line":30,"column":null}},"3":{"start":{"line":7,"column":17},"end":{"line":7,"column":36}},"4":{"start":{"line":8,"column":4},"end":{"line":29,"column":5}},"5":{"start":{"line":9,"column":8},"end":{"line":25,"column":9}},"6":{"start":{"line":10,"column":31},"end":{"line":10,"column":116}},"7":{"start":{"line":12,"column":12},"end":{"line":22,"column":13}},"8":{"start":{"line":13,"column":16},"end":{"line":18,"column":17}},"9":{"start":{"line":14,"column":20},"end":{"line":14,"column":null}},"10":{"start":{"line":17,"column":20},"end":{"line":17,"column":null}},"11":{"start":{"line":21,"column":16},"end":{"line":21,"column":null}},"12":{"start":{"line":24,"column":12},"end":{"line":24,"column":null}},"13":{"start":{"line":28,"column":8},"end":{"line":28,"column":null}},"14":{"start":{"line":32,"column":0},"end":{"line":32,"column":null}}},"fnMap":{"0":{"name":"(anonymous_13)","decl":{"start":{"line":6,"column":25},"end":{"line":6,"column":32}},"loc":{"start":{"line":6,"column":62},"end":{"line":30,"column":null}}},"1":{"name":"(anonymous_14)","decl":{"start":{"line":6,"column":62},"end":{"line":6,"column":null}},"loc":{"start":{"line":6,"column":62},"end":{"line":30,"column":1}}}},"branchMap":{"0":{"loc":{"start":{"line":8,"column":4},"end":{"line":29,"column":5}},"type":"if","locations":[{"start":{"line":8,"column":4},"end":{"line":29,"column":5}},{"start":{"line":27,"column":9},"end":{"line":29,"column":5}}]},"1":{"loc":{"start":{"line":12,"column":12},"end":{"line":22,"column":13}},"type":"if","locations":[{"start":{"line":12,"column":12},"end":{"line":22,"column":13}},{"start":{"line":20,"column":16},"end":{"line":22,"column":13}}]},"2":{"loc":{"start":{"line":13,"column":16},"end":{"line":18,"column":17}},"type":"if","locations":[{"start":{"line":13,"column":16},"end":{"line":18,"column":17}},{"start":{"line":16,"column":20},"end":{"line":18,"column":17}}]}},"s":{"0":3,"1":3,"2":2,"3":2,"4":2,"5":2,"6":2,"7":2,"8":2,"9":1,"10":0,"11":0,"12":1,"13":0,"14":3},"f":{"0":2,"1":2},"b":{"0":[2,0],"1":[2,0],"2":[1,0]}}
,"/Users/tongying/Downloads/gds-swe-supplyally-govwallet/Gifts-Redemption-System/src/db/index.ts": {"path":"/Users/tongying/Downloads/gds-swe-supplyally-govwallet/Gifts-Redemption-System/src/db/index.ts","statementMap":{"0":{"start":{"line":1,"column":0},"end":{"line":1,"column":25}},"1":{"start":{"line":2,"column":0},"end":{"line":2,"column":55}},"2":{"start":{"line":4,"column":13},"end":{"line":4,"column":39}},"3":{"start":{"line":6,"column":21},"end":{"line":8,"column":1}},"4":{"start":{"line":7,"column":2},"end":{"line":7,"column":null}},"5":{"start":{"line":6,"column":13},"end":{"line":6,"column":21}},"6":{"start":{"line":10,"column":25},"end":{"line":28,"column":null}},"7":{"start":{"line":10,"column":36},"end":{"line":28,"column":null}},"8":{"start":{"line":11,"column":19},"end":{"line":11,"column":39}},"9":{"start":{"line":12,"column":18},"end":{"line":12,"column":30}},"10":{"start":{"line":13,"column":20},"end":{"line":13,"column":34}},"11":{"start":{"line":15,"column":20},"end":{"line":17,"column":12}},"12":{"start":{"line":16,"column":8},"end":{"line":16,"column":null}},"13":{"start":{"line":19,"column":4},"end":{"line":26,"column":null}},"14":{"start":{"line":21,"column":8},"end":{"line":21,"column":null}},"15":{"start":{"line":23,"column":8},"end":{"line":23,"column":null}},"16":{"start":{"line":24,"column":8},"end":{"line":24,"column":null}},"17":{"start":{"line":25,"column":8},"end":{"line":25,"column":null}},"18":{"start":{"line":27,"column":4},"end":{"line":27,"column":null}},"19":{"start":{"line":10,"column":13},"end":{"line":10,"column":25}}},"fnMap":{"0":{"name":"(anonymous_8)","decl":{"start":{"line":6,"column":21},"end":{"line":6,"column":22}},"loc":{"start":{"line":6,"column":54},"end":{"line":8,"column":1}}},"1":{"name":"(anonymous_9)","decl":{"start":{"line":10,"column":25},"end":{"line":10,"column":34}},"loc":{"start":{"line":10,"column":36},"end":{"line":28,"column":null}}},"2":{"name":"(anonymous_10)","decl":{"start":{"line":10,"column":36},"end":{"line":10,"column":null}},"loc":{"start":{"line":10,"column":36},"end":{"line":28,"column":3}}},"3":{"name":"(anonymous_11)","decl":{"start":{"line":15,"column":31},"end":{"line":15,"column":34}},"loc":{"start":{"line":15,"column":36},"end":{"line":17,"column":5}}},"4":{"name":"(anonymous_12)","decl":{"start":{"line":19,"column":21},"end":{"line":19,"column":24}},"loc":{"start":{"line":19,"column":26},"end":{"line":26,"column":5}}}},"branchMap":{},"s":{"0":4,"1":4,"2":4,"3":4,"4":7,"5":4,"6":4,"7":2,"8":2,"9":2,"10":2,"11":2,"12":0,"13":2,"14":2,"15":2,"16":2,"17":2,"18":2,"19":4},"f":{"0":7,"1":2,"2":2,"3":0,"4":2},"b":{}}
,"/Users/tongying/Downloads/gds-swe-supplyally-govwallet/Gifts-Redemption-System/src/routes/index.ts": {"path":"/Users/tongying/Downloads/gds-swe-supplyally-govwallet/Gifts-Redemption-System/src/routes/index.ts","statementMap":{"0":{"start":{"line":1,"column":0},"end":{"line":1,"column":30}},"1":{"start":{"line":2,"column":0},"end":{"line":2,"column":63}},"2":{"start":{"line":3,"column":0},"end":{"line":3,"column":63}},"3":{"start":{"line":4,"column":0},"end":{"line":4,"column":63}},"4":{"start":{"line":6,"column":15},"end":{"line":6,"column":31}},"5":{"start":{"line":8,"column":0},"end":{"line":11,"column":7}},"6":{"start":{"line":10,"column":8},"end":{"line":10,"column":67}},"7":{"start":{"line":13,"column":0},"end":{"line":15,"column":27}},"8":{"start":{"line":17,"column":0},"end":{"line":19,"column":27}},"9":{"start":{"line":21,"column":0},"end":{"line":23,"column":null}},"10":{"start":{"line":25,"column":0},"end":{"line":25,"column":22}}},"fnMap":{"0":{"name":"(anonymous_1)","decl":{"start":{"line":9,"column":9},"end":{"line":9,"column":18}},"loc":{"start":{"line":9,"column":32},"end":{"line":11,"column":5}}}},"branchMap":{},"s":{"0":3,"1":3,"2":3,"3":3,"4":3,"5":3,"6":0,"7":3,"8":3,"9":3,"10":3},"f":{"0":0},"b":{}}
,"/Users/tongying/Downloads/gds-swe-supplyally-govwallet/Gifts-Redemption-System/src/services/searchService.ts": {"path":"/Users/tongying/Downloads/gds-swe-supplyally-govwallet/Gifts-Redemption-System/src/services/searchService.ts","statementMap":{"0":{"start":{"line":1,"column":0},"end":{"line":1,"column":28}},"1":{"start":{"line":3,"column":29},"end":{"line":13,"column":null}},"2":{"start":{"line":3,"column":53},"end":{"line":13,"column":null}},"3":{"start":{"line":4,"column":23},"end":{"line":4,"column":110}},"4":{"start":{"line":6,"column":19},"end":{"line":6,"column":23}},"5":{"start":{"line":8,"column":4},"end":{"line":10,"column":5}},"6":{"start":{"line":9,"column":8},"end":{"line":9,"column":null}},"7":{"start":{"line":12,"column":4},"end":{"line":12,"column":20}},"8":{"start":{"line":3,"column":13},"end":{"line":3,"column":29}}},"fnMap":{"0":{"name":"(anonymous_13)","decl":{"start":{"line":3,"column":29},"end":{"line":3,"column":36}},"loc":{"start":{"line":3,"column":53},"end":{"line":13,"column":null}}},"1":{"name":"(anonymous_14)","decl":{"start":{"line":3,"column":53},"end":{"line":3,"column":null}},"loc":{"start":{"line":3,"column":53},"end":{"line":13,"column":1}}}},"branchMap":{"0":{"loc":{"start":{"line":8,"column":4},"end":{"line":10,"column":5}},"type":"if","locations":[{"start":{"line":8,"column":4},"end":{"line":10,"column":5}}]},"1":{"loc":{"start":{"line":8,"column":8},"end":{"line":8,"column":62}},"type":"binary-expr","locations":[{"start":{"line":8,"column":8},"end":{"line":8,"column":35}},{"start":{"line":8,"column":39},"end":{"line":8,"column":62}}]}},"s":{"0":4,"1":4,"2":5,"3":5,"4":5,"5":5,"6":1,"7":5,"8":4},"f":{"0":5,"1":5},"b":{"0":[1],"1":[5,5]}}
,"/Users/tongying/Downloads/gds-swe-supplyally-govwallet/Gifts-Redemption-System/src/utils/csvProcessor.ts": {"path":"/Users/tongying/Downloads/gds-swe-supplyally-govwallet/Gifts-Redemption-System/src/utils/csvProcessor.ts","statementMap":{"0":{"start":{"line":1,"column":0},"end":{"line":1,"column":25}},"1":{"start":{"line":2,"column":0},"end":{"line":2,"column":51}},"2":{"start":{"line":3,"column":0},"end":{"line":3,"column":28}},"3":{"start":{"line":7,"column":19},"end":{"line":7,"column":39}},"4":{"start":{"line":9,"column":4},"end":{"line":42,"column":5}},"5":{"start":{"line":11,"column":26},"end":{"line":11,"column":68}},"6":{"start":{"line":13,"column":8},"end":{"line":38,"column":9}},"7":{"start":{"line":14,"column":12},"end":{"line":14,"column":72}},"8":{"start":{"line":15,"column":27},"end":{"line":15,"column":106}},"9":{"start":{"line":16,"column":31},"end":{"line":16,"column":63}},"10":{"start":{"line":18,"column":12},"end":{"line":21,"column":15}},"11":{"start":{"line":19,"column":16},"end":{"line":19,"column":74}},"12":{"start":{"line":20,"column":16},"end":{"line":20,"column":33}},"13":{"start":{"line":23,"column":12},"end":{"line":26,"column":15}},"14":{"start":{"line":24,"column":16},"end":{"line":24,"column":84}},"15":{"start":{"line":25,"column":16},"end":{"line":25,"column":33}},"16":{"start":{"line":28,"column":12},"end":{"line":31,"column":15}},"17":{"start":{"line":29,"column":16},"end":{"line":29,"column":83}},"18":{"start":{"line":30,"column":16},"end":{"line":30,"column":33}},"19":{"start":{"line":33,"column":12},"end":{"line":33,"column":36}},"20":{"start":{"line":34,"column":12},"end":{"line":34,"column":61}},"21":{"start":{"line":36,"column":12},"end":{"line":36,"column":62}},"22":{"start":{"line":37,"column":12},"end":{"line":37,"column":29}},"23":{"start":{"line":40,"column":8},"end":{"line":40,"column":60}},"24":{"start":{"line":41,"column":8},"end":{"line":41,"column":25}},"25":{"start":{"line":47,"column":17},"end":{"line":47,"column":72}},"26":{"start":{"line":48,"column":19},"end":{"line":48,"column":53}},"27":{"start":{"line":50,"column":2},"end":{"line":50,"column":22}},"28":{"start":{"line":53,"column":0},"end":{"line":53,"column":29}}},"fnMap":{"0":{"name":"importCSVData","decl":{"start":{"line":6,"column":15},"end":{"line":6,"column":28}},"loc":{"start":{"line":6,"column":67},"end":{"line":43,"column":null}}},"1":{"name":"(anonymous_15)","decl":{"start":{"line":18,"column":35},"end":{"line":18,"column":36}},"loc":{"start":{"line":18,"column":45},"end":{"line":21,"column":13}}},"2":{"name":"(anonymous_16)","decl":{"start":{"line":23,"column":31},"end":{"line":23,"column":32}},"loc":{"start":{"line":23,"column":41},"end":{"line":26,"column":13}}},"3":{"name":"(anonymous_17)","decl":{"start":{"line":28,"column":29},"end":{"line":28,"column":32}},"loc":{"start":{"line":28,"column":34},"end":{"line":31,"column":13}}},"4":{"name":"checkTableForRows","decl":{"start":{"line":46,"column":15},"end":{"line":46,"column":32}},"loc":{"start":{"line":46,"column":70},"end":{"line":51,"column":null}}}},"branchMap":{"0":{"loc":{"start":{"line":13,"column":8},"end":{"line":38,"column":9}},"type":"if","locations":[{"start":{"line":13,"column":8},"end":{"line":38,"column":9}},{"start":{"line":35,"column":15},"end":{"line":38,"column":9}}]}},"s":{"0":3,"1":3,"2":3,"3":2,"4":2,"5":2,"6":2,"7":0,"8":0,"9":0,"10":0,"11":0,"12":0,"13":0,"14":0,"15":0,"16":0,"17":0,"18":0,"19":0,"20":0,"21":2,"22":2,"23":0,"24":0,"25":2,"26":2,"27":2,"28":3},"f":{"0":2,"1":0,"2":0,"3":0,"4":2},"b":{"0":[0,2]}}
,"/Users/tongying/Downloads/gds-swe-supplyally-govwallet/Gifts-Redemption-System/src/utils/getUserInput.ts": {"path":"/Users/tongying/Downloads/gds-swe-supplyally-govwallet/Gifts-Redemption-System/src/utils/getUserInput.ts","statementMap":{"0":{"start":{"line":2,"column":0},"end":{"line":2,"column":32}},"1":{"start":{"line":4,"column":11},"end":{"line":7,"column":2}},"2":{"start":{"line":10,"column":4},"end":{"line":14,"column":7}},"3":{"start":{"line":11,"column":8},"end":{"line":13,"column":11}},"4":{"start":{"line":12,"column":12},"end":{"line":12,"column":35}},"5":{"start":{"line":17,"column":0},"end":{"line":17,"column":28}}},"fnMap":{"0":{"name":"getUserInput","decl":{"start":{"line":9,"column":15},"end":{"line":9,"column":27}},"loc":{"start":{"line":9,"column":42},"end":{"line":15,"column":null}}},"1":{"name":"(anonymous_10)","decl":{"start":{"line":10,"column":23},"end":{"line":10,"column":30}},"loc":{"start":{"line":10,"column":33},"end":{"line":14,"column":5}}},"2":{"name":"(anonymous_11)","decl":{"start":{"line":11,"column":28},"end":{"line":11,"column":34}},"loc":{"start":{"line":11,"column":37},"end":{"line":13,"column":9}}}},"branchMap":{},"s":{"0":3,"1":3,"2":1,"3":1,"4":0,"5":3},"f":{"0":1,"1":1,"2":0},"b":{}}
,"/Users/tongying/Downloads/gds-swe-supplyally-govwallet/Gifts-Redemption-System/src/view/main.ts": {"path":"/Users/tongying/Downloads/gds-swe-supplyally-govwallet/Gifts-Redemption-System/src/view/main.ts","statementMap":{"0":{"start":{"line":3,"column":0},"end":{"line":3,"column":49}},"1":{"start":{"line":7,"column":27},"end":{"line":7,"column":32}},"2":{"start":{"line":9,"column":4},"end":{"line":48,"column":5}},"3":{"start":{"line":10,"column":34},"end":{"line":10,"column":84}},"4":{"start":{"line":11,"column":28},"end":{"line":11,"column":65}},"5":{"start":{"line":13,"column":8},"end":{"line":47,"column":9}},"6":{"start":{"line":14,"column":12},"end":{"line":14,"column":36}},"7":{"start":{"line":15,"column":12},"end":{"line":15,"column":47}},"8":{"start":{"line":16,"column":12},"end":{"line":16,"column":28}},"9":{"start":{"line":18,"column":12},"end":{"line":46,"column":13}},"10":{"start":{"line":19,"column":37},"end":{"line":19,"column":99}},"11":{"start":{"line":20,"column":41},"end":{"line":20,"column":66}},"12":{"start":{"line":22,"column":16},"end":{"line":42,"column":17}},"13":{"start":{"line":23,"column":37},"end":{"line":23,"column":62}},"14":{"start":{"line":24,"column":20},"end":{"line":39,"column":21}},"15":{"start":{"line":25,"column":45},"end":{"line":25,"column":104}},"16":{"start":{"line":26,"column":49},"end":{"line":26,"column":74}},"17":{"start":{"line":27,"column":24},"end":{"line":36,"column":25}},"18":{"start":{"line":28,"column":49},"end":{"line":28,"column":127}},"19":{"start":{"line":29,"column":28},"end":{"line":33,"column":29}},"20":{"start":{"line":30,"column":32},"end":{"line":30,"column":70}},"21":{"start":{"line":32,"column":32},"end":{"line":32,"column":66}},"22":{"start":{"line":35,"column":28},"end":{"line":35,"column":81}},"23":{"start":{"line":38,"column":24},"end":{"line":38,"column":68}},"24":{"start":{"line":41,"column":20},"end":{"line":41,"column":52}},"25":{"start":{"line":45,"column":16},"end":{"line":45,"column":72}},"26":{"start":{"line":51,"column":0},"end":{"line":51,"column":20}}},"fnMap":{"0":{"name":"main","decl":{"start":{"line":6,"column":15},"end":{"line":6,"column":19}},"loc":{"start":{"line":6,"column":19},"end":{"line":49,"column":null}}}},"branchMap":{"0":{"loc":{"start":{"line":13,"column":8},"end":{"line":47,"column":9}},"type":"if","locations":[{"start":{"line":13,"column":8},"end":{"line":47,"column":9}},{"start":{"line":17,"column":15},"end":{"line":47,"column":9}}]},"1":{"loc":{"start":{"line":22,"column":16},"end":{"line":42,"column":17}},"type":"if","locations":[{"start":{"line":22,"column":16},"end":{"line":42,"column":17}},{"start":{"line":40,"column":23},"end":{"line":42,"column":17}}]},"2":{"loc":{"start":{"line":24,"column":20},"end":{"line":39,"column":21}},"type":"if","locations":[{"start":{"line":24,"column":20},"end":{"line":39,"column":21}},{"start":{"line":37,"column":27},"end":{"line":39,"column":21}}]},"3":{"loc":{"start":{"line":27,"column":24},"end":{"line":36,"column":25}},"type":"if","locations":[{"start":{"line":27,"column":24},"end":{"line":36,"column":25}},{"start":{"line":34,"column":31},"end":{"line":36,"column":25}}]},"4":{"loc":{"start":{"line":27,"column":28},"end":{"line":27,"column":94}},"type":"binary-expr","locations":[{"start":{"line":27,"column":28},"end":{"line":27,"column":55}},{"start":{"line":27,"column":59},"end":{"line":27,"column":94}}]},"5":{"loc":{"start":{"line":29,"column":28},"end":{"line":33,"column":29}},"type":"if","locations":[{"start":{"line":29,"column":28},"end":{"line":33,"column":29}},{"start":{"line":31,"column":35},"end":{"line":33,"column":29}}]}},"s":{"0":3,"1":1,"2":1,"3":1,"4":1,"5":0,"6":0,"7":0,"8":0,"9":0,"10":0,"11":0,"12":0,"13":0,"14":0,"15":0,"16":0,"17":0,"18":0,"19":0,"20":0,"21":0,"22":0,"23":0,"24":0,"25":0,"26":3},"f":{"0":1},"b":{"0":[0,0],"1":[0,0],"2":[0,0],"3":[0,0],"4":[0,0],"5":[0,0]}}
}
