TN:
SF:app.ts
FN:19,onStart
FNF:1
FNH:1
FNDA:1,onStart
DA:2,3
DA:3,3
DA:4,3
DA:5,3
DA:6,3
DA:8,3
DA:10,3
DA:11,3
DA:17,3
DA:20,1
DA:21,1
DA:23,1
DA:27,3
DA:28,3
DA:30,3
LF:15
LH:15
BRF:0
BRH:0
end_of_record
TN:
SF:src/config/databaseConfig.ts
FNF:0
FNH:0
DA:2,4
DA:10,4
LF:2
LH:2
BRF:0
BRH:0
end_of_record
TN:
SF:src/controllers/redeemController.ts
FN:9,(anonymous_13)
FN:9,(anonymous_14)
FNF:2
FNH:0
FNDA:0,(anonymous_13)
FNDA:0,(anonymous_14)
DA:7,3
DA:9,3
DA:10,0
DA:11,0
DA:12,0
DA:13,0
DA:15,0
DA:16,0
DA:18,0
DA:21,0
DA:25,0
DA:31,3
LF:12
LH:3
BRDA:11,0,0,0
BRDA:11,0,1,0
BRDA:15,1,0,0
BRDA:15,1,1,0
BRF:4
BRH:0
end_of_record
TN:
SF:src/controllers/searchController.ts
FN:6,(anonymous_7)
FN:6,(anonymous_8)
FNF:2
FNH:2
FNDA:5,(anonymous_7)
FNDA:5,(anonymous_8)
DA:4,3
DA:6,5
DA:7,5
DA:8,5
DA:9,5
DA:10,5
DA:13,5
DA:14,1
DA:16,4
DA:19,0
DA:23,0
DA:28,3
LF:12
LH:10
BRDA:8,0,0,5
BRDA:8,0,1,0
BRDA:13,1,0,1
BRDA:13,1,1,4
BRF:4
BRH:3
end_of_record
TN:
SF:src/controllers/verifyController.ts
FN:6,(anonymous_13)
FN:6,(anonymous_14)
FNF:2
FNH:2
FNDA:2,(anonymous_13)
FNDA:2,(anonymous_14)
DA:4,3
DA:6,3
DA:7,2
DA:8,2
DA:9,2
DA:10,2
DA:12,2
DA:13,2
DA:14,1
DA:17,0
DA:21,0
DA:24,1
DA:28,0
DA:32,3
LF:14
LH:11
BRDA:8,0,0,2
BRDA:8,0,1,0
BRDA:12,1,0,2
BRDA:12,1,1,0
BRDA:13,2,0,1
BRDA:13,2,1,0
BRF:6
BRH:3
end_of_record
TN:
SF:src/db/index.ts
FN:6,(anonymous_8)
FN:10,(anonymous_9)
FN:10,(anonymous_10)
FN:15,(anonymous_11)
FN:19,(anonymous_12)
FNF:5
FNH:4
FNDA:7,(anonymous_8)
FNDA:2,(anonymous_9)
FNDA:2,(anonymous_10)
FNDA:0,(anonymous_11)
FNDA:2,(anonymous_12)
DA:1,4
DA:2,4
DA:4,4
DA:6,4
DA:7,7
DA:10,4
DA:11,2
DA:12,2
DA:13,2
DA:15,2
DA:16,0
DA:19,2
DA:21,2
DA:23,2
DA:24,2
DA:25,2
DA:27,2
LF:17
LH:16
BRF:0
BRH:0
end_of_record
TN:
SF:src/routes/index.ts
FN:9,(anonymous_1)
FNF:1
FNH:0
FNDA:0,(anonymous_1)
DA:1,3
DA:2,3
DA:3,3
DA:4,3
DA:6,3
DA:8,3
DA:10,0
DA:13,3
DA:17,3
DA:21,3
DA:25,3
LF:11
LH:10
BRF:0
BRH:0
end_of_record
TN:
SF:src/services/searchService.ts
FN:3,(anonymous_13)
FN:3,(anonymous_14)
FNF:2
FNH:2
FNDA:5,(anonymous_13)
FNDA:5,(anonymous_14)
DA:1,4
DA:3,5
DA:4,5
DA:6,5
DA:8,5
DA:9,1
DA:12,5
LF:7
LH:7
BRDA:8,0,0,1
BRDA:8,1,0,5
BRDA:8,1,1,5
BRF:3
BRH:3
end_of_record
TN:
SF:src/utils/csvProcessor.ts
FN:6,importCSVData
FN:18,(anonymous_15)
FN:23,(anonymous_16)
FN:28,(anonymous_17)
FN:46,checkTableForRows
FNF:5
FNH:2
FNDA:2,importCSVData
FNDA:0,(anonymous_15)
FNDA:0,(anonymous_16)
FNDA:0,(anonymous_17)
FNDA:2,checkTableForRows
DA:1,3
DA:2,3
DA:3,3
DA:7,2
DA:9,2
DA:11,2
DA:13,2
DA:14,0
DA:15,0
DA:16,0
DA:18,0
DA:19,0
DA:20,0
DA:23,0
DA:24,0
DA:25,0
DA:28,0
DA:29,0
DA:30,0
DA:33,0
DA:34,0
DA:36,2
DA:37,2
DA:40,0
DA:41,0
DA:47,2
DA:48,2
DA:50,2
DA:53,3
LF:29
LH:13
BRDA:13,0,0,0
BRDA:13,0,1,2
BRF:2
BRH:1
end_of_record
TN:
SF:src/utils/getUserInput.ts
FN:9,getUserInput
FN:10,(anonymous_10)
FN:11,(anonymous_11)
FNF:3
FNH:2
FNDA:1,getUserInput
FNDA:1,(anonymous_10)
FNDA:0,(anonymous_11)
DA:2,3
DA:4,3
DA:10,1
DA:11,1
DA:12,0
DA:17,3
LF:6
LH:5
BRF:0
BRH:0
end_of_record
TN:
SF:src/view/main.ts
FN:6,main
FNF:1
FNH:1
FNDA:1,main
DA:3,3
DA:7,1
DA:9,1
DA:10,1
DA:11,1
DA:13,0
DA:14,0
DA:15,0
DA:16,0
DA:18,0
DA:19,0
DA:20,0
DA:22,0
DA:23,0
DA:24,0
DA:25,0
DA:26,0
DA:27,0
DA:28,0
DA:29,0
DA:30,0
DA:32,0
DA:35,0
DA:38,0
DA:41,0
DA:45,0
DA:51,3
LF:27
LH:6
BRDA:13,0,0,0
BRDA:13,0,1,0
BRDA:22,1,0,0
BRDA:22,1,1,0
BRDA:24,2,0,0
BRDA:24,2,1,0
BRDA:27,3,0,0
BRDA:27,3,1,0
BRDA:27,4,0,0
BRDA:27,4,1,0
BRDA:29,5,0,0
BRDA:29,5,1,0
BRF:12
BRH:0
end_of_record
